<?xml version="1.0" encoding="UTF-8"?>
<!-- Generated by org.testng.reporters.JUnitReportReporter -->
<testsuite skipped="0" hostname="DESKTOP-J7F82RA" name="com.w2a.testcases.LoginTest" tests="1" failures="0" timestamp="30 Jul 2019 14:56:45 GMT" time="0.320" errors="0">
  <testcase name="loginAsBankManager" time="0.320" classname="com.w2a.testcases.LoginTest"/>
</testsuite> <!-- com.w2a.testcases.LoginTest -->
