<?xml version="1.0" encoding="UTF-8"?>
<!-- Generated by org.testng.reporters.JUnitReportReporter -->
<testsuite skipped="0" hostname="DESKTOP-J7F82RA" name="com.w2a.testcases.AddCustomerTest" tests="1" failures="0" timestamp="05 Aug 2019 16:29:18 GMT" time="0.668" errors="0">
  <testcase name="AddCustomer" time="0.668" classname="com.w2a.testcases.AddCustomerTest"/>
</testsuite> <!-- com.w2a.testcases.AddCustomerTest -->
