<?xml version="1.0" encoding="UTF-8"?>
<!-- Generated by org.testng.reporters.JUnitReportReporter -->
<testsuite skipped="0" hostname="DESKTOP-J7F82RA" name="com.w2a.testcases.BankManagerLoginTest" tests="1" failures="0" timestamp="12 Aug 2019 21:23:25 GMT" time="0.811" errors="0">
  <testcase name="loginAsBankManager" time="0.811" classname="com.w2a.testcases.BankManagerLoginTest"/>
</testsuite> <!-- com.w2a.testcases.BankManagerLoginTest -->
