<?xml version="1.0" encoding="UTF-8"?>
<!-- Generated by org.testng.reporters.JUnitReportReporter -->
<testsuite skipped="1" hostname="DESKTOP-J7F82RA" name="com.w2a.testcases.BankManagerLoginTest" tests="1" failures="0" timestamp="12 Aug 2019 20:21:48 GMT" time="0.000" errors="0">
  <testcase name="loginAsBankManager" time="0.000" classname="com.w2a.testcases.BankManagerLoginTest">
    <skipped/>
  </testcase> <!-- loginAsBankManager -->
</testsuite> <!-- com.w2a.testcases.BankManagerLoginTest -->
